commit 5cc06c98ee2d888d62d079d7f238472b1a24b3d7
Author: crucialfelix <felix@crucial-systems.com>
Date:   Tue Feb 12 15:25:22 2013 +0100

    remove trailing white space

commit ec4c87646cd663cb4ea117369a75f8d22ea9f63a
Author: crucialfelix <felix@crucial-systems.com>
Date:   Tue Feb 12 15:25:00 2013 +0100

    protect ServerLog from sending NaNs to the server;  this posts an error message but protects the Server

commit 4b1c6c52b08d6e674f5d914d876726a8dbf92538
Author: crucialfelix <felix@crucial-systems.com>
Date:   Tue Feb 12 15:23:31 2013 +0100

    gui formatting adjustments

commit 670c3f4c2be5be337f5c7ee55f3219e6ce73c295
Author: crucialfelix <felix@crucial-systems.com>
Date:   Tue Feb 12 15:23:17 2013 +0100

    fix: accidental usage of cruciallib ActionButton

commit 4491f52e871b357990403efe52ebb74045c58958
Author: crucialfelix <felix@crucial-systems.com>
Date:   Tue Feb 12 15:22:53 2013 +0100

    add button for opening SynthDefGraph

commit 1f68a73a8511ffd468e74dc93fa8149ac45fa55d
Author: crucialfelix <felix@crucial-systems.com>
Date:   Tue Feb 12 15:22:11 2013 +0100

    add experimental SynthDefGraph : visualizes the connections between UGens in a SynthDef

commit 8586d5fb85b600dd5a3a2f834d253fe955aa5eac
Author: crucialfelix <felix@crucial-systems.com>
Date:   Tue Feb 12 15:21:01 2013 +0100

    add experimental ServerLog-writeScore for creating OSC score files from server activity that was recorded

commit 75e9bf0654a02c577fe30194c482218b2cdf84c3
Author: crucialfelix <felix@crucial-systems.com>
Date:   Tue Feb 12 15:20:02 2013 +0100

    add "post server pid" button

commit 21c61f6ac653665551b3ca99c6ae88e80719d47b
Author: crucialfelix <felix@crucial-systems.com>
Date:   Tue Feb 12 15:19:27 2013 +0100

    degrade gracefull for all usages of Annotations (cruciallib) by checking if the class exists

commit 84d87a6d60caa4b9e4d15b580bc4fd5b5a92db17
Merge: 95b33be 9fdc18c
Author: crucialfelix <felix@crucial-systems.com>
Date:   Sat Jul 14 13:34:45 2012 +0200

    Merge branch 'hotfix/docs-fix' into develop

commit 9fdc18c861a75ed2d5e790a5578ab8d9dfd5cc29
Author: crucialfelix <felix@crucial-systems.com>
Date:   Sat Jul 14 13:34:25 2012 +0200

    version bump

commit a3be2e66c712127e0ffcac3d02faa946194db29b
Author: crucialfelix <felix@crucial-systems.com>
Date:   Sat Jul 14 13:34:16 2012 +0200

    uh… doc updates

commit 31e1fb18944e9c45c8756b94789418e89c8344d8
Author: crucialfelix <felix@crucial-systems.com>
Date:   Sat Jul 14 13:33:09 2012 +0200

    remove empty EXAMPLES::

commit c9bfc4c3995f193e71d911943a765aa537e8022a
Author: crucialfelix <felix@crucial-systems.com>
Date:   Sat Jul 14 13:31:26 2012 +0200

    broken links

commit 95b33bed1e1e5354fbc282920ff52a59195bf9a1
Author: crucialfelix <felix@crucial-systems.com>
Date:   Mon May 28 13:38:22 2012 +0200

    add Server-queryNode to get a data dict for a node; useful for checking bus mapping or to update a Node

commit 3fb7e5e2dac99398c88a944aba44418f1b859d4b
Author: crucialfelix <felix@crucial-systems.com>
Date:   Mon May 28 13:37:31 2012 +0200

    improved *makeHelpDocs; mkdir when needed, better logging

commit e2e2a1a0f8b924e01f293bf897f664626aa26ea7
Author: crucialfelix <felix@crucial-systems.com>
Date:   Thu May 10 17:29:21 2012 +0200

    ServerTreeGui : make frame inside the scroll to be very long (10k pixels) so it doesn't run out of space ever

commit 98139b0f041a0f595748c918e6bab54ee052dde4
Author: crucialfelix <felix@crucial-systems.com>
Date:   Thu May 10 17:28:33 2012 +0200

    add "tail" button to server log; posts osc traffic to post window

commit 56f1f7e21b47836edf6ffda1cce5ef2878d648d5
Author: crucialfelix <felix@crucial-systems.com>
Date:   Thu May 10 17:27:47 2012 +0200

    add backward compat InspectorLink : InspButton which I should've done for the release

commit 1a35cb46c8153deaffec84063db7f40bcd3a8ab4
Merge: 43988a8 7a31106
Author: crucialfelix <felix@crucial-systems.com>
Date:   Sun Apr 15 18:41:42 2012 +0200

    Merge branch 'release/1.0.1' into develop

commit c6733870ddc568903bbd0140320468fb4bc4d877
Merge: 2533af4 7a31106
Author: crucialfelix <felix@crucial-systems.com>
Date:   Sun Apr 15 18:41:31 2012 +0200

    Merge branch 'release/1.0.1'

commit 7a31106d5e30eb73bec5d3fd360c70576b1a634c
Author: crucialfelix <felix@crucial-systems.com>
Date:   Sun Apr 15 18:41:09 2012 +0200

    version bump and one small comment about a remaining dep

commit 43988a80f0615f463cd33bf07ce9538800d6e42d
Author: crucialfelix <felix@crucial-systems.com>
Date:   Sun Apr 15 18:38:18 2012 +0200

    fix source code display size

commit 952815ad58de63cf84f6a83b14a98d940d28966e
Author: crucialfelix <felix@crucial-systems.com>
Date:   Mon Apr 9 21:43:06 2012 +0200

    BussesTool : fix sizing and scrolling of window

commit 6b616c9210bc9174a072c76d6b5e4c14734313a6
Author: crucialfelix <felix@crucial-systems.com>
Date:   Mon Apr 9 21:42:35 2012 +0200

    fix Bus free button

commit 02f064480a60ae27818692cd4726effb9aef1ae7
Author: crucialfelix <felix@crucial-systems.com>
Date:   Mon Apr 9 21:42:08 2012 +0200

    BussesTool : fix missing annotations due to wrong args (damned untyped languages)

commit 7fbb1d9ceed3e027919fdbb18fc391e607d2e973
Author: crucialfelix <felix@crucial-systems.com>
Date:   Mon Apr 9 21:41:07 2012 +0200

    change ServerTreeGui: rather than display server log results inline, do it in a pop up

commit 0b6b6929428b77633cf79c9565eaa5357990140a
Author: crucialfelix <felix@crucial-systems.com>
Date:   Mon Apr 9 21:40:19 2012 +0200

    fix sizing of the ServerTreeGui view inside the scroll.  needs to be long enough to scroll up to 5000 pixels

commit 8af0d3dba48512725988e0e8c1d0f8aca781ec81
Author: crucialfelix <felix@crucial-systems.com>
Date:   Mon Apr 9 21:39:15 2012 +0200

    fix dependency check; fix : InstrSynthDef cache does not always store the def. might be symbol or boolean

commit eef3ee837f340a51c04cb617d6aeca30f6efac04
Author: crucialfelix <felix@crucial-systems.com>
Date:   Mon Apr 9 21:37:35 2012 +0200

    add clear log button

commit bebb9784faed3a3f3aab03399cc98382a041b667
Author: crucialfelix <felix@crucial-systems.com>
Date:   Mon Apr 9 21:37:20 2012 +0200

    fix: display of server log for search results (by bus, node etc)

commit 814368c021fd560fe98666ffcb7d24937f423c08
Author: crucialfelix <felix@crucial-systems.com>
Date:   Mon Apr 9 21:36:13 2012 +0200

    fix backwards logic in opening windows with search results for bus, node etc

commit 96823b2595f317b04c174de8276ad2c2d566a6e0
Author: crucialfelix <felix@crucial-systems.com>
Date:   Mon Apr 9 21:35:27 2012 +0200

    add Insp hook for Bus

commit 2ed7876d3d996c8056cff48e3b77cfc0ba02db04
Author: crucialfelix <felix@crucial-systems.com>
Date:   Mon Apr 9 21:35:05 2012 +0200

    hook for Synth insp: fix dependency check; add Annotations

commit 2533af4733df500d72552966b9f354fe4a4ff8ec
Merge: b7fe069 5b557a4
Author: crucialfelix <felix@crucial-systems.com>
Date:   Fri Mar 16 13:34:15 2012 +0100

    Merge branch 'release/1.0.0'

commit 5b557a4dc3fcec6e8d830b991c5f93d2b817f339
Author: crucialfelix <felix@crucial-systems.com>
Date:   Fri Mar 16 13:32:52 2012 +0100

    more logical order of time fields display; still needs a better design

commit 9d3b51cd366b3f463b9abcaf426989485fc5e456
Author: crucialfelix <felix@crucial-systems.com>
Date:   Fri Mar 16 13:23:46 2012 +0100

    adding quark file

commit e2adc89cd041703b4a0dadfd20a7e4b02fcf32c3
Author: crucialfelix <felix@crucial-systems.com>
Date:   Fri Mar 16 13:19:00 2012 +0100

    protect against window being closed when the scheduler loop ticks and tries to update

commit cbfc580f9c3f319a28a824701ccf3efd94a842a1
Merge: c579816 20d4747
Author: crucialfelix <felix@crucial-systems.com>
Date:   Thu Mar 15 02:59:04 2012 +0100

    Merge branch 'feature/scrolling-server-log' into develop

commit 20d4747c5702a0cd078492695998ef281f50173f
Author: crucialfelix <felix@crucial-systems.com>
Date:   Thu Mar 15 02:53:29 2012 +0100

    scrollable gui with slider navigation

commit b8e60c389524bf7b26c9c84aaf1e7398d3d1e2a5
Author: crucialfelix <felix@crucial-systems.com>
Date:   Thu Mar 15 02:50:06 2012 +0100

    start list size off big

commit c579816d2b72246d7095e582fd617e0917b6e7dc
Author: crucialfelix <felix@crucial-systems.com>
Date:   Thu Mar 15 01:13:32 2012 +0100

    add library items as loose code in scripts

commit 4db8e21528975f6e0311580ac7bd37dc56075ea5
Author: crucialfelix <felix@crucial-systems.com>
Date:   Mon Mar 12 15:44:34 2012 +0100

    common fixed guiBody to pass in layout, bounds; this corrects the arg order here as it should have been

commit 36b0c7751634d8342aa7fb628631662f55e1fd9c
Author: crucialfelix <felix@crucial-systems.com>
Date:   Mon Mar 12 01:50:03 2012 +0100

    add guiDebugger from crucial and rework/fix it for Qt

commit 9bb0ba50582cb774844803b9e905757fbe5d92d6
Author: crucialfelix <felix@crucial-systems.com>
Date:   Mon Mar 12 01:49:28 2012 +0100

    fix SimpleButtons sizing; max not min, duh

commit 99c7920889b23fe8d7c59dd12905070d5f8b13c6
Author: crucialfelix <felix@crucial-systems.com>
Date:   Sat Mar 10 00:43:17 2012 +0100

    MethodGui calling misnamed method

commit 1357f3db0f64a0a96c3bc703f32a843fa9914016
Author: crucialfelix <felix@crucial-systems.com>
Date:   Wed Mar 7 02:57:16 2012 +0100

    fix background colors on cmd text display

commit c66a072407f61b6117cd3936e01bd052ff02fe1b
Author: crucialfelix <felix@crucial-systems.com>
Date:   Wed Mar 7 02:56:39 2012 +0100

    add Free bottom to ServerLog for nodes

commit f37d041f3f943feb53b7fb34a6b70cf8cf301a4c
Author: crucialfelix <felix@crucial-systems.com>
Date:   Wed Mar 7 02:55:41 2012 +0100

    unify widths on labels and buttons in Insp

commit e5e3ec68ec551a32dd87808ebe6561db66151973
Author: crucialfelix <felix@crucial-systems.com>
Date:   Wed Mar 7 02:54:37 2012 +0100

    formatting fix

commit 76b15e27102905f317ca2cad6c11b6cc8251f66b
Author: crucialfelix <felix@crucial-systems.com>
Date:   Wed Mar 7 02:53:54 2012 +0100

    additional fix to bounds behavior

commit 7ea84ccf868322e25909128ede8e288099685275
Author: crucialfelix <felix@crucial-systems.com>
Date:   Sun Mar 4 03:49:57 2012 +0100

    fixes bounds behavior: int means minWidth, Rect uses the size, point or array or nil uses the string.bounds(font)

commit e77f63c8149a0416c9996e7b59c1d7fd46813e14
Author: crucialfelix <felix@crucial-systems.com>
Date:   Sat Mar 3 17:57:40 2012 +0100

    helpdoc syntax error

commit 7a11c4f9bae4995a2ab5c07b9085928147d5c381
Author: crucialfelix <felix@crucial-systems.com>
Date:   Sat Mar 3 14:59:14 2012 +0100

    help files for Server ext methods

commit 050766efa5ad15b44c87acd65c7b817e3b943ff4
Author: crucialfelix <felix@crucial-systems.com>
Date:   Sat Mar 3 14:58:47 2012 +0100

    Server-guiClass shouldn't have been here, removing

commit 369be48e8869ab4264ed2d909e1c506f3b0b71c7
Author: crucialfelix <felix@crucial-systems.com>
Date:   Sat Mar 3 14:57:53 2012 +0100

    protect against errors in client asString code (the thing being inspected) when making an Insp window

commit 2a977375420f3fda5a35f67196b706eadf0f8101
Author: crucialfelix <felix@crucial-systems.com>
Date:   Sat Mar 3 14:57:16 2012 +0100

    protect against errors in client gui code (the thing being inspected) when making an Insp window

commit 4e7344c95dbe367328f6e498dd5537603a0bf076
Author: crucialfelix <felix@crucial-systems.com>
Date:   Thu Mar 1 01:52:06 2012 +0100

    typo: extra arg passed in to label

commit b7fe069d41c2bb31dddd0e0f566b5df79d73c7af
Merge: 7705bc5 7d7c536
Author: crucialfelix <felix@crucial-systems.com>
Date:   Tue Feb 28 20:43:10 2012 +0100

    Merge branch 'release/0.9'

commit 7d7c536e306fb9a3c4bfe7388cb3c99ba583ce2d
Merge: 7705bc5 0b4da8d
Author: crucialfelix <felix@crucial-systems.com>
Date:   Tue Feb 28 20:42:29 2012 +0100

    Merge branch 'feature/docs' into develop

commit 0b4da8d80674016e12429fa85fe70623d0ffb517
Author: crucialfelix <felix@crucial-systems.com>
Date:   Tue Feb 28 20:41:31 2012 +0100

    minor comments

commit 246bee4c09bf05c1ee193d86f91532bb8256ec3f
Author: crucialfelix <felix@crucial-systems.com>
Date:   Tue Feb 28 20:41:18 2012 +0100

    *makeHelpDocs creates ALL missing class help docs for a package and saves them to HelpSource/Classes

commit 3a186085b670cecb1be71c0163064b22f7e3052e
Author: crucialfelix <felix@crucial-systems.com>
Date:   Tue Feb 28 20:40:15 2012 +0100

    BussesTool: this requires cruciallib, so it makes a check for existence of Patch and just posts a warning

commit 236ecd3604bd202096ad6b779c6ab1b2a08aa322
Author: crucialfelix <felix@crucial-systems.com>
Date:   Tue Feb 28 20:39:31 2012 +0100

    First round of documentation

commit 7705bc5e4a334f704d6af567fd6bbcedbcd7dab4
Author: crucialfelix <felix@crucial-systems.com>
Date:   Tue Feb 28 15:30:06 2012 +0100

    rename to referencesClasses for consistency with definesClasses, referencesPackages

commit 23fbfab950c4606eab594f2d83f395d74d63bcbe
Author: crucialfelix <felix@crucial-systems.com>
Date:   Tue Feb 28 15:28:21 2012 +0100

    add: Quark:referencesPackages, fix: Class.classesReferenced

commit 97c8e61ad08b25c85d7cad415e37c59089e191f4
Author: crucialfelix <felix@crucial-systems.com>
Date:   Tue Feb 28 15:27:09 2012 +0100

    fix: use \Classname.asClass.notNil to check for the presence of other classes

commit eda1dcfa2aad4d6bc384dfec6fd7b6e9f7634185
Author: crucialfelix <felix@crucial-systems.com>
Date:   Tue Feb 28 15:01:28 2012 +0100

    rename ServerQueryTreeGui to ServerTreeGui

commit f77efe0f286c288784085d07057c1dab8d3745d0
Author: crucialfelix <felix@crucial-systems.com>
Date:   Tue Feb 28 15:00:47 2012 +0100

    implement and use SimpleButton .labelColor  rather than .color

commit 0ed744116568a536f9db8233439f523eb92e7299
Author: crucialfelix <felix@crucial-systems.com>
Date:   Tue Feb 28 14:59:48 2012 +0100

    remove use of Sheet

commit c88a4cd1378fcc97b373adb08938f6ebc605ca4c
Author: crucialfelix <felix@crucial-systems.com>
Date:   Tue Feb 28 14:59:21 2012 +0100

    change recvOSCfunc to addOSCRecvFunc

commit bdcb7b8d3b0c6a671fb2ab7ee9d53cf556d9cffb
Author: crucialfelix <felix@crucial-systems.com>
Date:   Tue Feb 28 14:58:09 2012 +0100

    remove use of Sheet, rework findMethod

commit 2467de5cf6531f2b2bee9aab10a3409d4cfb1ece
Author: crucialfelix <crucialfelix@gmail.com>
Date:   Mon Feb 27 20:20:45 2012 +0100

    add back big/icon/captioned methods as they are in use in cruciallib

commit d0690404591b0837aa5cf2ee1486222d1220891a
Author: crucialfelix <crucialfelix@gmail.com>
Date:   Mon Feb 27 20:20:26 2012 +0100

    Insp: fix placement issues Qt vs cocoa

commit af77293c671458571a479b00480b61fb45a0b93c
Author: crucialfelix <crucialfelix@gmail.com>
Date:   Mon Feb 27 18:34:44 2012 +0100

    initial ServerTools
